0 info it worked if it ends with ok
1 verbose cli [ '/usr/local/bin/iojs',
1 verbose cli   '/Users/dave/Projects/JSONGraphCache/node_modules/.bin/npm',
1 verbose cli   'run',
1 verbose cli   'babel-node',
1 verbose cli   'server.js' ]
2 info using npm@2.13.1
3 info using node@v2.3.4
4 verbose run-script [ 'prebabel-node', 'babel-node', 'postbabel-node' ]
5 info prebabel-node jsongraphcache@0.0.0
6 info babel-node jsongraphcache@0.0.0
7 verbose unsafe-perm in lifecycle true
8 info jsongraphcache@0.0.0 Failed to exec babel-node script
9 verbose stack Error: jsongraphcache@0.0.0 babel-node: `babel-node --blacklist flow "server.js"`
9 verbose stack Exit status 1
9 verbose stack     at EventEmitter.<anonymous> (/Users/dave/Projects/JSONGraphCache/node_modules/npm/lib/utils/lifecycle.js:214:16)
9 verbose stack     at emitTwo (events.js:87:13)
9 verbose stack     at EventEmitter.emit (events.js:172:7)
9 verbose stack     at ChildProcess.<anonymous> (/Users/dave/Projects/JSONGraphCache/node_modules/npm/lib/utils/spawn.js:24:14)
9 verbose stack     at emitTwo (events.js:87:13)
9 verbose stack     at ChildProcess.emit (events.js:172:7)
9 verbose stack     at maybeClose (internal/child_process.js:764:16)
9 verbose stack     at Process.ChildProcess._handle.onexit (internal/child_process.js:211:5)
10 verbose pkgid jsongraphcache@0.0.0
11 verbose cwd /Users/dave/Projects/JSONGraphCache
12 error Darwin 14.4.0
13 error argv "/usr/local/bin/iojs" "/Users/dave/Projects/JSONGraphCache/node_modules/.bin/npm" "run" "babel-node" "server.js"
14 error node v2.3.4
15 error npm  v2.13.1
16 error code ELIFECYCLE
17 error jsongraphcache@0.0.0 babel-node: `babel-node --blacklist flow "server.js"`
17 error Exit status 1
18 error Failed at the jsongraphcache@0.0.0 babel-node script 'babel-node --blacklist flow "server.js"'.
18 error This is most likely a problem with the jsongraphcache package,
18 error not with npm itself.
18 error Tell the author that this fails on your system:
18 error     babel-node --blacklist flow "server.js"
18 error You can get their info via:
18 error     npm owner ls jsongraphcache
18 error There is likely additional logging output above.
19 verbose exit [ 1, true ]
